<?xml version="1.0" encoding="UTF-8"?>
<!-- Generated by org.testng.reporters.JUnitXMLReporter -->
<testsuite ignored="0" hostname="Altecs-MBP" failures="0" tests="6" name="Default test" time="17.525" errors="0" timestamp="2023-06-30T18:09:25 IDT">
  <testcase classname="tests.HomePageTest" name="tc01_getTableCellText" time="0.442"/>
  <testcase classname="tests.HomePageTest" name="tc02_verifyTableCellText" time="2.413"/>
  <testcase classname="tests.HomePageTest" name="tc03_getTableCellTextByXpath" time="0.06"/>
  <testcase classname="tests.HomePageTest" name="tc04_getTableCellTextWithColumnName" time="2.147"/>
  <testcase classname="tests.HomePageTest" name="tc05_verifyTableCellTextWithColumnName" time="2.606"/>
  <testcase classname="tests.HomePageTest" name="tc06_getTableCellTextByXpathWithColumnName" time="0.405"/>
</testsuite> <!-- Default test -->
