<?xml version="1.0" encoding="UTF-8"?>
<!-- Generated by org.testng.reporters.JUnitXMLReporter -->
<testsuite ignored="0" hostname="Altecs-MBP" failures="0" tests="6" name="Test" time="19.113" errors="0" timestamp="2023-06-30T18:36:00 IDT">
  <testcase classname="tests.HomePageTest" name="tc01_getTableCellText" time="5.266"/>
  <testcase classname="tests.HomePageTest" name="tc02_verifyTableCellText" time="1.417"/>
  <testcase classname="tests.HomePageTest" name="tc03_getTableCellTextByXpath" time="1.181"/>
  <testcase classname="tests.HomePageTest" name="tc04_getTableCellTextWithColumnName" time="0.551"/>
  <testcase classname="tests.HomePageTest" name="tc05_verifyTableCellTextWithColumnName" time="0.65"/>
  <testcase classname="tests.HomePageTest" name="tc06_getTableCellTextByXpathWithColumnName" time="0.302"/>
</testsuite> <!-- Test -->
