<?xml version="1.0" encoding="UTF-8"?>
<testng-results ignored="0" total="6" passed="6" failed="0" skipped="0">
  <reporter-output>
  </reporter-output>
  <suite started-at="2023-06-30T18:09:08 IDT" name="Default suite" finished-at="2023-06-30T18:09:25 IDT" duration-ms="17525">
    <groups>
    </groups>
    <test started-at="2023-06-30T18:09:08 IDT" name="Default test" finished-at="2023-06-30T18:09:25 IDT" duration-ms="17525">
      <class name="tests.HomePageTest">
        <test-method is-config="true" signature="setup()[pri:0, instance:tests.HomePageTest@2d000e80]" started-at="2023-06-30T18:09:08 IDT" name="setup" finished-at="2023-06-30T18:09:16 IDT" duration-ms="8077" status="PASS">
          <reporter-output>
          </reporter-output>
        </test-method> <!-- setup -->
        <test-method signature="tc01_getTableCellText()[pri:0, instance:tests.HomePageTest@2d000e80]" started-at="2023-06-30T18:09:16 IDT" name="tc01_getTableCellText" finished-at="2023-06-30T18:09:16 IDT" duration-ms="442" status="PASS">
          <reporter-output>
          </reporter-output>
        </test-method> <!-- tc01_getTableCellText -->
        <test-method signature="tc02_verifyTableCellText()[pri:0, instance:tests.HomePageTest@2d000e80]" started-at="2023-06-30T18:09:17 IDT" name="tc02_verifyTableCellText" finished-at="2023-06-30T18:09:19 IDT" duration-ms="2413" status="PASS">
          <reporter-output>
          </reporter-output>
        </test-method> <!-- tc02_verifyTableCellText -->
        <test-method signature="tc03_getTableCellTextByXpath()[pri:0, instance:tests.HomePageTest@2d000e80]" started-at="2023-06-30T18:09:19 IDT" name="tc03_getTableCellTextByXpath" finished-at="2023-06-30T18:09:19 IDT" duration-ms="60" status="PASS">
          <reporter-output>
          </reporter-output>
        </test-method> <!-- tc03_getTableCellTextByXpath -->
        <test-method signature="tc04_getTableCellTextWithColumnName()[pri:0, instance:tests.HomePageTest@2d000e80]" started-at="2023-06-30T18:09:19 IDT" name="tc04_getTableCellTextWithColumnName" finished-at="2023-06-30T18:09:21 IDT" duration-ms="2147" status="PASS">
          <reporter-output>
          </reporter-output>
        </test-method> <!-- tc04_getTableCellTextWithColumnName -->
        <test-method signature="tc05_verifyTableCellTextWithColumnName()[pri:0, instance:tests.HomePageTest@2d000e80]" started-at="2023-06-30T18:09:21 IDT" name="tc05_verifyTableCellTextWithColumnName" finished-at="2023-06-30T18:09:24 IDT" duration-ms="2606" status="PASS">
          <reporter-output>
          </reporter-output>
        </test-method> <!-- tc05_verifyTableCellTextWithColumnName -->
        <test-method signature="tc06_getTableCellTextByXpathWithColumnName()[pri:0, instance:tests.HomePageTest@2d000e80]" started-at="2023-06-30T18:09:24 IDT" name="tc06_getTableCellTextByXpathWithColumnName" finished-at="2023-06-30T18:09:24 IDT" duration-ms="405" status="PASS">
          <reporter-output>
          </reporter-output>
        </test-method> <!-- tc06_getTableCellTextByXpathWithColumnName -->
        <test-method is-config="true" signature="tearDown()[pri:0, instance:tests.HomePageTest@2d000e80]" started-at="2023-06-30T18:09:24 IDT" name="tearDown" finished-at="2023-06-30T18:09:25 IDT" duration-ms="1086" status="PASS">
          <reporter-output>
          </reporter-output>
        </test-method> <!-- tearDown -->
      </class> <!-- tests.HomePageTest -->
    </test> <!-- Default test -->
  </suite> <!-- Default suite -->
</testng-results>
